INFO: Top words for category 'EDUCATION': [(':', 212), (',', 164), ('education', 142), ('?', 129), ('school', 127), ("'s", 104), ('schools', 75), ('teachers', 66), ('students', 64), ('teacher', 62)]
INFO: Top words for category 'HOME & LIVING': [('(', 1911), (')', 1910), ('photos', 1364), (':', 1170), (',', 895), ('home', 889), ("'s", 712), ("'", 383), ('video', 382), ('ideas', 336)]
INFO: Top words for category 'STYLE & BEAUTY': [('(', 5399), (')', 5398), ('photos', 4153), (',', 3225), (':', 2897), ("'s", 2488), ("'", 1447), ('fashion', 1031), ('style', 891), ('week', 822)]
INFO: Top words for category 'TECH': [(',', 438), ("'s", 364), (':', 340), ("'", 285), ('apple', 243), ('facebook', 206), ('new', 182), ('google', 162), ('iphone', 133), ('?', 114)]
INFO: Top words for category 'ARTS': [(':', 384), (',', 354), ("'s", 293), ("'", 212), ('art', 172), (')', 86), ('(', 83), ('artist', 82), ('?', 65), ("''", 61)]
INFO: Top words for category 'WORLDPOST': [("'s", 515), (':', 501), (',', 413), ('?', 196), ("'", 177), ('isis', 132), ('world', 110), ('new', 94), ('iran', 85), ('war', 85)]
INFO: Top words for category 'WOMEN': [('women', 865), ("'", 595), ("'s", 573), (',', 453), (':', 344), ('’', 271), ('woman', 211), ('?', 200), ("n't", 197), ('tweets', 161)]
INFO: Top words for category 'LATINO VOICES': [("'", 265), ("'s", 186), (',', 163), (':', 134), ('latino', 117), ('’', 102), ('trump', 101), ('latinos', 79), ('puerto', 49), ('‘', 47)]
INFO: Top words for category 'PARENTS': [("'s", 701), ("'", 500), ('kids', 459), (',', 442), ('mom', 363), ('parents', 286), (':', 259), ('baby', 218), ("n't", 191), ('dad', 190)]
INFO: Top words for category 'RELIGION': [(':', 506), ("'s", 394), (',', 358), ("'", 324), ('pope', 274), ('?', 190), ('francis', 161), ('meditation', 133), ('church', 132), ('daily', 131)]
INFO: Top words for category 'GOOD NEWS': [(',', 311), ("'s", 251), ("'", 145), ('dog', 110), ('man', 88), (':', 66), ('boy', 59), ('’', 56), ('woman', 53), ('homeless', 50)]
INFO: Top words for category 'COMEDY': [("'", 1976), ("'s", 1329), ('trump', 1076), (')', 783), ('(', 782), (',', 738), (':', 682), ('donald', 614), ('video', 559), ('colbert', 371)]
INFO: Top words for category 'HEALTHY LIVING': [("'s", 799), (',', 759), (':', 729), ('?', 492), ("'", 433), ('health', 376), ('life', 296), ('5', 276), ("n't", 264), ('ways', 244)]
INFO: Top words for category 'THE WORLDPOST': [(',', 676), ("'s", 644), (':', 354), ("'", 328), ('trump', 225), ('says', 218), ('’', 194), ('u.s.', 185), ('attack', 181), ('.', 165)]
INFO: Top words for category 'IMPACT': [(':', 738), (',', 619), ("'s", 492), ("'", 232), ('?', 222), ('world', 182), ('day', 164), ('homeless', 154), ('women', 149), ('help', 145)]
INFO: Top words for category 'WEDDINGS': [('wedding', 1616), (':', 1294), ('(', 745), (')', 745), (',', 501), ('marriage', 466), ("'s", 436), ("'", 401), ('photos', 368), ('video', 344)]
INFO: Top words for category 'WORLD NEWS': [(',', 736), ("'s", 617), ("'", 338), (':', 282), ('trump', 228), ('’', 217), ('korea', 210), ('north', 203), ('.', 177), ('says', 165)]
INFO: Top words for category 'SPORTS': [(',', 958), ("'s", 897), (':', 732), ("'", 728), ('nfl', 354), ('(', 327), (')', 326), ('video', 251), ('game', 221), ('world', 210)]
INFO: Top words for category 'TASTE': [("'s", 328), (',', 328), (':', 259), ('recipes', 184), ('make', 173), ("'", 142), ('food', 139), ('best', 109), ('new', 99), ('10', 84)]
INFO: Top words for category 'PARENTING': [(':', 1876), (',', 1799), ("'s", 1331), ("'", 1140), ('kids', 1023), ('(', 997), (')', 997), ('?', 954), ('parents', 550), ('video', 526)]
INFO: Top words for category 'FOOD & DRINK': [(':', 1824), ('(', 1293), (')', 1292), (',', 901), ('recipes', 761), ("'s", 735), ('photos', 722), ('best', 507), ('food', 494), ('recipe', 445)]
INFO: Top words for category 'FIFTY': [("'s", 203), (',', 95), ('5', 90), ("'", 71), (':', 68), ('?', 67), ('life', 67), ('things', 65), ('50', 62), ('retirement', 56)]
INFO: Top words for category 'COLLEGE': [('college', 249), (',', 168), (':', 164), ("'s", 139), ("'", 112), ('students', 105), ('university', 99), ('student', 76), ('?', 72), ('sexual', 66)]
INFO: Top words for category 'QUEER VOICES': [("'", 1516), (',', 1433), ("'s", 1378), ('gay', 1292), (':', 1131), ('new', 436), ('queer', 395), ('?', 378), ('lgbt', 375), ('trans', 370)]
INFO: Top words for category 'GREEN': [(',', 497), ("'s", 422), (':', 383), ('climate', 340), ("'", 204), ('change', 188), ('?', 144), ('california', 123), ('dog', 112), ('new', 101)]
INFO: Top words for category 'DIVORCE': [('divorce', 1318), (':', 1160), ('?', 553), (',', 537), ("'s", 429), ("'", 385), (')', 340), ('(', 339), ('marriage', 212), ('divorced', 168)]
INFO: Top words for category 'CRIME': [(',', 1024), (':', 502), ("'s", 481), ('police', 478), ("'", 458), ('man', 446), ('shooting', 281), ('cops', 189), ('killed', 184), ('suspect', 174)]
INFO: Top words for category 'TRAVEL': [('(', 2154), (')', 2154), (':', 1963), ("'s", 1874), (',', 1710), ('photos', 1708), ('travel', 945), ('world', 671), ('best', 600), ('10', 510)]
INFO: Top words for category 'MONEY': [(',', 456), (':', 403), ('?', 191), ("'s", 176), ('money', 136), ('credit', 130), ('tax', 127), ('$', 120), ('(', 101), (')', 101)]
INFO: Top words for category 'WELLNESS': [(':', 4874), (',', 3509), ('?', 2286), ("'s", 1645), ("'", 1104), ('(', 1031), (')', 1031), ('study', 914), ('health', 803), ('life', 648)]
INFO: Top words for category 'POLITICS': [('trump', 9771), ("'s", 7283), (',', 6072), ("'", 5861), (':', 5054), ('donald', 3113), ('.', 2360), ('’', 2356), ("n't", 1938), ('gop', 1901)]
